
15-09-2021
-subido repositorio backend fabian sato
-sacar nueva foto al sol (2 fotos)
-cambiado las secciones por nuevas fotos

16-09-2021

-----------------------
To Do:
-crear un javascript con un modal de registración (confetti)
-mejorar css de paddings de galeria y pagina
-fixear problemas con responsive del blog
-fixear problemas con resposive de about

-agregar seccion "links"
-subir tutorial de "jekyll ofline"
-anotar tutoriales de inicio obligatorio de frontend 

-acomodar posicion Marcas para las que Trabajé
-agregar seccion "cursos" (en jekyll)
-agregar sitio a google search console
-agregar canal rss para jekyll
-optimizar web con google speed insight
-compartir trabajos (landing)
-compartir 2 posts de blogs
-agregar sitemaps a jekyll


-comprar dominio fabiansato.dev

-crear contenido inicio obligatorio frontend
-hacer imagenes para inicio obligatorio frontend
-crear cursos en solapa "cursos" (gratuitos)